JH-235-vr-canvas/test.apk/unityLibrary/build/intermediates/manifest_merge_blame_file/debug/manifest-merger-blame-debug-report.txt
1<?xml version="1.0" encoding="utf-8"?>
2<manifest xmlns:android="http://schemas.android.com/apk/res/android"
3    xmlns:tools="http://schemas.android.com/tools"
4    package="com.unity3d.player"
5    android:versionCode="1"
6    android:versionName="0.0.1" >
7
8    <uses-sdk
9        android:minSdkVersion="29"
9-->src\main\AndroidManifest.xml
10        android:targetSdkVersion="30" />
10-->src\main\AndroidManifest.xml
11
12    <uses-feature android:glEsVersion="0x00030000" />
12-->src\main\AndroidManifest.xml:29:3-52
12-->src\main\AndroidManifest.xml:29:17-49
13    <uses-feature
13-->src\main\AndroidManifest.xml:30:3-91
14        android:name="android.hardware.vulkan.version"
14-->src\main\AndroidManifest.xml:30:17-63
15        android:required="false" />
15-->src\main\AndroidManifest.xml:30:64-88
16
17    <uses-permission android:name="android.permission.INTERNET" />
17-->src\main\AndroidManifest.xml:31:3-65
17-->src\main\AndroidManifest.xml:31:20-62
18
19    <uses-feature
19-->src\main\AndroidManifest.xml:32:3-88
20        android:name="android.hardware.touchscreen"
20-->src\main\AndroidManifest.xml:32:17-60
21        android:required="false" />
21-->src\main\AndroidManifest.xml:32:61-85
22    <uses-feature
22-->src\main\AndroidManifest.xml:33:3-99
23        android:name="android.hardware.touchscreen.multitouch"
23-->src\main\AndroidManifest.xml:33:17-71
24        android:required="false" />
24-->src\main\AndroidManifest.xml:33:72-96
25    <uses-feature
25-->src\main\AndroidManifest.xml:34:3-108
26        android:name="android.hardware.touchscreen.multitouch.distinct"
26-->src\main\AndroidManifest.xml:34:17-80
27        android:required="false" />
27-->src\main\AndroidManifest.xml:34:81-105
28
29    <uses-permission android:name="android.permission.WRITE_SETTINGS" />
29-->src\main\AndroidManifest.xml:35:3-71
29-->src\main\AndroidManifest.xml:35:20-68
30
31    <application
31-->src\main\AndroidManifest.xml:3:3-28:17
32        android:extractNativeLibs="true"
32-->src\main\AndroidManifest.xml:3:16-48
33        android:requestLegacyExternalStorage="true" >
33-->src\main\AndroidManifest.xml:3:49-92
34        <activity
34-->src\main\AndroidManifest.xml:4:5-11:16
35            android:name="com.unity3d.player.UnityPlayerActivity"
35-->src\main\AndroidManifest.xml:4:15-68
36            android:configChanges="mcc|mnc|locale|touchscreen|keyboard|keyboardHidden|navigation|orientation|screenLayout|uiMode|screenSize|smallestScreenSize|fontScale|layoutDirection|density"
36-->src\main\AndroidManifest.xml:4:181-362
37            android:hardwareAccelerated="false"
37-->src\main\AndroidManifest.xml:4:398-433
38            android:launchMode="singleTask"
38-->src\main\AndroidManifest.xml:4:149-180
39            android:resizeableActivity="false"
39-->src\main\AndroidManifest.xml:4:363-397
40            android:screenOrientation="landscape"
40-->src\main\AndroidManifest.xml:4:111-148
41            android:theme="@style/UnityThemeSelector" >
41-->src\main\AndroidManifest.xml:4:69-110
42            <intent-filter>
42-->src\main\AndroidManifest.xml:5:7-8:23
43                <action android:name="android.intent.action.MAIN" />
43-->src\main\AndroidManifest.xml:6:9-61
43-->src\main\AndroidManifest.xml:6:17-58
44
45                <category android:name="android.intent.category.LAUNCHER" />
45-->src\main\AndroidManifest.xml:7:9-69
45-->src\main\AndroidManifest.xml:7:19-66
46            </intent-filter>
47
48            <meta-data
48-->src\main\AndroidManifest.xml:9:7-82
49                android:name="unityplayer.UnityActivity"
49-->src\main\AndroidManifest.xml:9:18-58
50                android:value="true" />
50-->src\main\AndroidManifest.xml:9:59-79
51            <meta-data
51-->src\main\AndroidManifest.xml:10:7-78
52                android:name="android.notch_support"
52-->src\main\AndroidManifest.xml:10:18-54
53                android:value="true" />
53-->src\main\AndroidManifest.xml:10:55-75
54        </activity>
55
56        <meta-data
56-->src\main\AndroidManifest.xml:12:5-69
57            android:name="unity.splash-mode"
57-->src\main\AndroidManifest.xml:12:16-48
58            android:value="0" />
58-->src\main\AndroidManifest.xml:12:49-66
59        <meta-data
59-->src\main\AndroidManifest.xml:13:5-74
60            android:name="unity.splash-enable"
60-->src\main\AndroidManifest.xml:13:16-50
61            android:value="True" />
61-->src\main\AndroidManifest.xml:13:51-71
62        <meta-data
62-->src\main\AndroidManifest.xml:14:5-78
63            android:name="unity.launch-fullscreen"
63-->src\main\AndroidManifest.xml:14:16-54
64            android:value="True" />
64-->src\main\AndroidManifest.xml:14:55-75
65        <meta-data
65-->src\main\AndroidManifest.xml:15:5-84
66            android:name="unity.allow-resizable-window"
66-->src\main\AndroidManifest.xml:15:16-59
67            android:value="False" />
67-->src\main\AndroidManifest.xml:15:60-81
68        <meta-data
68-->src\main\AndroidManifest.xml:16:5-81
69            android:name="notch.config"
69-->src\main\AndroidManifest.xml:16:16-43
70            android:value="portrait|landscape" />
70-->src\main\AndroidManifest.xml:16:44-78
71        <meta-data
71-->src\main\AndroidManifest.xml:17:5-84
72            android:name="unity.auto-report-fully-drawn"
72-->src\main\AndroidManifest.xml:17:16-60
73            android:value="true" />
73-->src\main\AndroidManifest.xml:17:61-81
74        <meta-data
74-->src\main\AndroidManifest.xml:18:5-65
75            android:name="pvr.app.type"
75-->src\main\AndroidManifest.xml:18:16-43
76            android:value="vr" />
76-->src\main\AndroidManifest.xml:18:44-62
77        <meta-data
77-->src\main\AndroidManifest.xml:19:5-85
78            android:name="pvr.sdk.version"
78-->src\main\AndroidManifest.xml:19:16-46
79            android:value="XR Platform_2.1.4.3" />
79-->src\main\AndroidManifest.xml:19:47-82
80        <meta-data
80-->src\main\AndroidManifest.xml:20:5-62
81            android:name="enable_cpt"
81-->src\main\AndroidManifest.xml:20:16-41
82            android:value="0" />
82-->src\main\AndroidManifest.xml:20:42-59
83        <meta-data
83-->src\main\AndroidManifest.xml:21:5-75
84            android:name="enable_entitlementcheck"
84-->src\main\AndroidManifest.xml:21:16-54
85            android:value="0" />
85-->src\main\AndroidManifest.xml:21:55-72
86        <meta-data
86-->src\main\AndroidManifest.xml:22:5-64
87            android:name="handtracking"
87-->src\main\AndroidManifest.xml:22:16-43
88            android:value="0" />
88-->src\main\AndroidManifest.xml:22:44-61
89        <meta-data
89-->src\main\AndroidManifest.xml:23:5-66
90            android:name="rendering_mode"
90-->src\main\AndroidManifest.xml:23:16-45
91            android:value="0" />
91-->src\main\AndroidManifest.xml:23:46-63
92        <meta-data
92-->src\main\AndroidManifest.xml:24:5-64
93            android:name="display_rate"
93-->src\main\AndroidManifest.xml:24:16-43
94            android:value="0" />
94-->src\main\AndroidManifest.xml:24:44-61
95        <meta-data
95-->src\main\AndroidManifest.xml:25:5-63
96            android:name="color_Space"
96-->src\main\AndroidManifest.xml:25:16-42
97            android:value="1" />
97-->src\main\AndroidManifest.xml:25:43-60
98        <meta-data
98-->src\main\AndroidManifest.xml:26:5-62
99            android:name="MRCsupport"
99-->src\main\AndroidManifest.xml:26:16-41
100            android:value="1" />
100-->src\main\AndroidManifest.xml:26:42-59
101        <meta-data
101-->src\main\AndroidManifest.xml:27:5-73
102            android:name="pvr.LateLatchingDebug"
102-->src\main\AndroidManifest.xml:27:16-52
103            android:value="0" />
103-->src\main\AndroidManifest.xml:27:53-70
104    </application>
105
106</manifest>